2025-09-24 22:36:17,526 - INFO - Connected to DuckDB instance
2025-09-24 22:36:20,281 - INFO - Created yellow table from https://d37ci6vzurychx.cloudfront.net/trip-data/yellow_tripdata_2022-01.parquet
2025-09-24 22:36:20,281 - INFO - Loading: https://d37ci6vzurychx.cloudfront.net/trip-data/yellow_tripdata_2022-02.parquet
2025-09-24 22:36:22,420 - INFO - Loading: https://d37ci6vzurychx.cloudfront.net/trip-data/yellow_tripdata_2022-03.parquet
2025-09-24 22:36:24,875 - INFO - Loading: https://d37ci6vzurychx.cloudfront.net/trip-data/yellow_tripdata_2022-04.parquet
2025-09-24 22:36:27,463 - INFO - Loading: https://d37ci6vzurychx.cloudfront.net/trip-data/yellow_tripdata_2022-05.parquet
2025-09-24 22:36:29,920 - INFO - Loading: https://d37ci6vzurychx.cloudfront.net/trip-data/yellow_tripdata_2022-06.parquet
2025-09-24 22:36:32,543 - INFO - Loading: https://d37ci6vzurychx.cloudfront.net/trip-data/yellow_tripdata_2022-07.parquet
2025-09-24 22:36:34,989 - INFO - Loading: https://d37ci6vzurychx.cloudfront.net/trip-data/yellow_tripdata_2022-08.parquet
2025-09-24 22:36:37,441 - INFO - Loading: https://d37ci6vzurychx.cloudfront.net/trip-data/yellow_tripdata_2022-09.parquet
2025-09-24 22:36:40,321 - INFO - Loading: https://d37ci6vzurychx.cloudfront.net/trip-data/yellow_tripdata_2022-10.parquet
2025-09-24 22:36:42,979 - INFO - Loading: https://d37ci6vzurychx.cloudfront.net/trip-data/yellow_tripdata_2022-11.parquet
2025-09-24 22:36:45,376 - INFO - Loading: https://d37ci6vzurychx.cloudfront.net/trip-data/yellow_tripdata_2022-12.parquet
2025-09-24 22:36:47,983 - INFO - Loading: https://d37ci6vzurychx.cloudfront.net/trip-data/yellow_tripdata_2023-01.parquet
2025-09-24 22:36:50,081 - INFO - Loading: https://d37ci6vzurychx.cloudfront.net/trip-data/yellow_tripdata_2023-02.parquet
2025-09-24 22:36:51,890 - INFO - Loading: https://d37ci6vzurychx.cloudfront.net/trip-data/yellow_tripdata_2023-03.parquet
2025-09-24 22:36:54,164 - INFO - Loading: https://d37ci6vzurychx.cloudfront.net/trip-data/yellow_tripdata_2023-04.parquet
2025-09-24 22:36:56,397 - INFO - Loading: https://d37ci6vzurychx.cloudfront.net/trip-data/yellow_tripdata_2023-05.parquet
2025-09-24 22:36:59,282 - INFO - Loading: https://d37ci6vzurychx.cloudfront.net/trip-data/yellow_tripdata_2023-06.parquet
2025-09-24 22:37:01,754 - INFO - Loading: https://d37ci6vzurychx.cloudfront.net/trip-data/yellow_tripdata_2023-07.parquet
2025-09-24 22:37:04,038 - INFO - Loading: https://d37ci6vzurychx.cloudfront.net/trip-data/yellow_tripdata_2023-08.parquet
2025-09-24 22:37:07,019 - INFO - Loading: https://d37ci6vzurychx.cloudfront.net/trip-data/yellow_tripdata_2023-09.parquet
2025-09-24 22:37:09,798 - INFO - Loading: https://d37ci6vzurychx.cloudfront.net/trip-data/yellow_tripdata_2023-10.parquet
2025-09-24 22:37:12,521 - INFO - Loading: https://d37ci6vzurychx.cloudfront.net/trip-data/yellow_tripdata_2023-11.parquet
2025-09-24 22:37:14,409 - INFO - Loading: https://d37ci6vzurychx.cloudfront.net/trip-data/yellow_tripdata_2023-12.parquet
2025-09-24 22:37:17,244 - INFO - Loading: https://d37ci6vzurychx.cloudfront.net/trip-data/yellow_tripdata_2024-01.parquet
2025-09-24 22:37:18,990 - INFO - Loading: https://d37ci6vzurychx.cloudfront.net/trip-data/yellow_tripdata_2024-02.parquet
2025-09-24 22:37:20,844 - INFO - Loading: https://d37ci6vzurychx.cloudfront.net/trip-data/yellow_tripdata_2024-03.parquet
2025-09-24 22:37:22,963 - INFO - Loading: https://d37ci6vzurychx.cloudfront.net/trip-data/yellow_tripdata_2024-04.parquet
2025-09-24 22:37:25,014 - INFO - Loading: https://d37ci6vzurychx.cloudfront.net/trip-data/yellow_tripdata_2024-05.parquet
2025-09-24 22:37:27,147 - INFO - Loading: https://d37ci6vzurychx.cloudfront.net/trip-data/yellow_tripdata_2024-06.parquet
2025-09-24 22:37:29,225 - INFO - Loading: https://d37ci6vzurychx.cloudfront.net/trip-data/yellow_tripdata_2024-07.parquet
2025-09-24 22:37:31,276 - INFO - Loading: https://d37ci6vzurychx.cloudfront.net/trip-data/yellow_tripdata_2024-08.parquet
2025-09-24 22:37:33,563 - INFO - Loading: https://d37ci6vzurychx.cloudfront.net/trip-data/yellow_tripdata_2024-09.parquet
2025-09-24 22:37:36,408 - ERROR - An error occurred: HTTP Error: HTTP GET error on 'https://d37ci6vzurychx.cloudfront.net/trip-data/yellow_tripdata_2024-09.parquet' (HTTP 403)
2025-09-24 22:37:43,694 - INFO - Connected to DuckDB instance
2025-09-24 22:37:44,469 - ERROR - An error occurred: HTTP Error: Unable to connect to URL "https://d37ci6vzurychx.cloudfront.net/trip-data/yellow_tripdata_2015-01.parquet": 403 (Forbidden).
2025-09-24 22:38:32,074 - INFO - Connected to DuckDB instance
2025-09-24 22:38:32,835 - ERROR - An error occurred: HTTP Error: Unable to connect to URL "https://d37ci6vzurychx.cloudfront.net/trip-data/yellow_tripdata_2017-01.parquet": 403 (Forbidden).
2025-09-24 22:44:29,894 - INFO - Connected to DuckDB instance
2025-09-24 22:44:45,590 - ERROR - An error occurred: HTTP Error: Unable to connect to URL "https://d37ci6vzurychx.cloudfront.net/trip-data/yellow_tripdata_2025-09.parquet": 403 (Forbidden).
2025-09-24 22:45:30,211 - INFO - Connected to DuckDB instance
2025-09-24 22:45:48,655 - INFO - Finished loading all parquet files
2025-09-24 22:50:48,809 - INFO - Connected to DuckDB instance
2025-09-24 22:52:08,320 - INFO - Connected to DuckDB instance
2025-09-24 22:53:13,092 - ERROR - An error occurred: HTTP Error: Unable to connect to URL "https://d37ci6vzurychx.cloudfront.net/trip-data/yellow_tripdata_2019-07.parquet": 403 (Forbidden).
2025-09-24 22:55:20,616 - INFO - Connected to DuckDB instance
2025-09-24 22:55:20,886 - ERROR - An error occurred: Binder Error: No function matches the given name and argument types 'read_parquet(INTEGER[])'. You might need to add explicit type casts.
	Candidate functions:
	read_parquet(VARCHAR, hive_types_autocast : BOOLEAN, hive_partitioning : BOOLEAN, hive_types : ANY, compression : VARCHAR, explicit_cardinality : UBIGINT, union_by_name : BOOLEAN, debug_use_openssl : BOOLEAN, binary_as_string : BOOLEAN, filename : ANY, parquet_version : VARCHAR, schema : ANY, file_row_number : BOOLEAN, encryption_config : ANY, can_have_nan : BOOLEAN)
	read_parquet(VARCHAR[], can_have_nan : BOOLEAN, encryption_config : ANY, file_row_number : BOOLEAN, schema : ANY, parquet_version : VARCHAR, filename : ANY, binary_as_string : BOOLEAN, debug_use_openssl : BOOLEAN, union_by_name : BOOLEAN, explicit_cardinality : UBIGINT, compression : VARCHAR, hive_types : ANY, hive_partitioning : BOOLEAN, hive_types_autocast : BOOLEAN)


LINE 4:             FROM read_parquet($urls)
                         ^
2025-09-24 22:56:32,957 - INFO - Connected to DuckDB instance
2025-09-24 22:56:33,249 - ERROR - An error occurred: Binder Error: No function matches the given name and argument types 'read_parquet(INTEGER[])'. You might need to add explicit type casts.
	Candidate functions:
	read_parquet(VARCHAR, hive_types_autocast : BOOLEAN, hive_partitioning : BOOLEAN, hive_types : ANY, compression : VARCHAR, explicit_cardinality : UBIGINT, union_by_name : BOOLEAN, debug_use_openssl : BOOLEAN, binary_as_string : BOOLEAN, filename : ANY, parquet_version : VARCHAR, schema : ANY, file_row_number : BOOLEAN, encryption_config : ANY, can_have_nan : BOOLEAN)
	read_parquet(VARCHAR[], can_have_nan : BOOLEAN, encryption_config : ANY, file_row_number : BOOLEAN, schema : ANY, parquet_version : VARCHAR, filename : ANY, binary_as_string : BOOLEAN, debug_use_openssl : BOOLEAN, union_by_name : BOOLEAN, explicit_cardinality : UBIGINT, compression : VARCHAR, hive_types : ANY, hive_partitioning : BOOLEAN, hive_types_autocast : BOOLEAN)


LINE 4:             FROM read_parquet($urls)
                         ^
2025-09-24 23:01:46,048 - INFO - Connected to DuckDB instance
2025-09-24 23:02:08,343 - INFO - Finished loading all parquet files
